order iters  topN  norm count  errmean feature combination
    1   100     5    no    15   9.8126 cylinders, horsepower, weight, model year, origin
    1   100     5    no    10   9.5786 cylinders, horsepower, weight, acceleration, model year, origin
    1   100     5    no     9  10.2974 cylinders, weight, model year, origin
    1   100     5    no    15   9.7048 cylinders, horsepower, weight, model year, origin
    1   100     5    no     8  10.2344 cylinders, horsepower, weight, acceleration, model year, origin
    1   100     5   tog    23   9.9681 cylinders, displacement, horsepower, weight, model year, origin
    1   100     5   tog     4   9.9655 cylinders, displacement, horsepower, acceleration, model year
    1   100     5   tog     5  10.2476 cylinders, weight, model year, origin
    1   100     5   tog    10  10.0341 cylinders, weight, model year
    1   100     5   tog     7  10.0176 cylinders, displacement, horsepower, weight, acceleration, model year, origin
    2   100     5    no    17   8.7038 cylinders, horsepower, weight, acceleration, model year, origin
    2   100     5    no     9   8.9596 weight, acceleration, model year, origin
    2   100     5   tog     1   9.4376 cylinders, displacement, model year
    2   100     5   tog    12   8.4577 cylinders, weight, acceleration, model year, origin
    1   100     5    no     4  10.1074 cylinders, displacement, weight, model year, origin
    1   100     5    no     7  10.2447 cylinders, displacement, horsepower, weight, acceleration, model year, origin
    1   100     5    no    19   9.7983 cylinders, displacement, horsepower, weight, model year, origin
    1   100     5    no    11  10.1196 cylinders, displacement, weight, model year, origin
    1   100     5    no     2  10.2021 cylinders, horsepower, acceleration, model year
    1   100     5    no     1   8.1171 cylinders, displacement, horsepower, acceleration, model year
    1   100     5    no     1  10.4819 cylinders, displacement, acceleration, model year, origin
    1   100     5    no    21  10.2075 cylinders, displacement, horsepower, weight, model year, origin
    1   100     5    no    17   9.9270 cylinders, displacement, horsepower, weight, model year, origin
    1   100     5    no     2   9.7481 cylinders, horsepower, weight, model year
    1   100     5    no     8   9.9873 cylinders, displacement, weight, model year, origin
    1   100     5   tog     8  10.1686 cylinders, displacement, weight, model year, origin
    1   100     5   tog    10  10.1956 cylinders, displacement, horsepower, weight, acceleration, model year, origin
    1   100     5   tog     9  10.1417 cylinders, displacement, weight, model year, origin
    1   100     5   tog    23  10.0253 cylinders, displacement, horsepower, weight, model year, origin
    1   100     5   tog     2   9.8843 cylinders, weight, acceleration, model year
    1   100     5   tog    18 845.2990 cylinders, horsepower, weight, model year, origin
    1   100     5   tog    35 893.7108 cylinders, displacement, horsepower, weight, model year, origin
    1   100     5   tog    35 898.0388 cylinders, displacement, horsepower, weight, model year, origin
    1   100     5   tog     7 873.9626 cylinders, displacement, horsepower, weight, acceleration, model year, origin
    1   100     5   tog    18 938.9772 cylinders, horsepower, weight, model year, origin
    1   100     5   tog    36 918.9391 cylinders, displacement, horsepower, weight, model year, origin
    1   100     5   tog    18 789.3616 cylinders, horsepower, weight, model year, origin
    1   100     5   tog    14 845.4166 cylinders, horsepower, weight, model year, origin
    1   100     5   tog     4 861.4208 horsepower, weight, model year, origin
    1   100     5    no     5 861.5856 cylinders, displacement, weight, model year, origin
    1   100     5    no     3 1124.5692 displacement, horsepower, weight, acceleration, model year, origin
    1   100     5    no    21 855.7534 cylinders, horsepower, weight, model year, origin
    1   100     5    no    17 812.7802 cylinders, horsepower, weight, model year, origin
    1   100     5    no     7 842.2816 displacement, horsepower, weight, acceleration, model year, origin
    2   100     5    no     5 714.9775 displacement, weight, acceleration, model year, origin
    2   100     5    no     3 708.9502 displacement, horsepower, model year
    2   100     5   tog     1 615.1744 displacement, weight, model year, origin
    2   100     5   tog     2 604.2922 displacement, weight, model year
    1  1000     5   tog   362 930.1454 cylinders, displacement, horsepower, weight, model year, origin
    1  1000     5   tog   170 837.2522 cylinders, horsepower, weight, model year, origin
    1  1000     5   tog   349 919.2183 cylinders, displacement, horsepower, weight, model year, origin
    1  1000     5   tog   355 916.6715 cylinders, displacement, horsepower, weight, model year, origin
    1  1000     5   tog    64 878.0859 cylinders, displacement, horsepower, weight, acceleration, model year, origin
    1  1000     5   tog   349 923.3852 cylinders, displacement, horsepower, weight, model year, origin
    1  1000     5   tog   194 853.8584 cylinders, horsepower, weight, model year, origin
    1  1000     5   tog   360 912.1695 cylinders, displacement, horsepower, weight, model year, origin
    1  1000     5   tog   340 927.9399 cylinders, displacement, horsepower, weight, model year, origin
    1  1000     5   tog   152 853.6659 cylinders, horsepower, weight, model year, origin
    1  1000     5    no   351 911.8576 cylinders, displacement, horsepower, weight, model year, origin
    1  1000     5    no   165 865.4215 cylinders, horsepower, weight, model year, origin
    1  1000     5    no    72 931.2552 cylinders, displacement, horsepower, weight, acceleration, model year, origin
    2  1000     1   tog  1000 837.3563 weight, model year
    2  1000     1   tog  1000 844.3075 weight, model year
    2  1000     1   tog  1000 826.1289 weight, model year
    2  1000     1   tog  1000 838.1226 weight, model year
    2  1000     1   tog  1000 828.0559 weight, model year
    2  1000     1   tog  1000 835.5648 weight, model year
    2  1000     1   tog  1000 835.3402 weight, model year
    2  1000     1   tog  1000 835.0024 weight, model year
    2  1000     1   tog  1000 830.4368 weight, model year
    2  1000     1   tog  1000 830.9532 weight, model year
    2  1000     1   tog  1000   9.0226 weight, model year
    2  1000     1   tog  1000   8.9637 weight, model year
    2  1000     1   tog  1000   9.0125 weight, model year
    2  1000     1   tog  1000   8.9646 weight, model year
    2  1000     1   tog  1000   9.0145 weight, model year
    2  1000     1   tog  1000   8.9496 weight, model year
    2  1000     1   tog  1000   8.9849 weight, model year
    2  1000     1   tog  1000   8.9971 weight, model year
    2  1000     1   tog  1000   9.0212 weight, model year
    2  1000     1   tog  1000   8.9401 weight, model year
