order iters count  errmean feature combination
    1   100    23 -399.16179 model year
    1   100    10 -24.99764 acceleration
    1   100    43 -14.36612 horsepower
    1   100    42 -17.72622 horsepower
    1   100     2 -379.10771 acceleration, origin
    2   100    26 -12.07026 acceleration
    2   100    19 -18.31672 acceleration
    2   100    24 -479.39611 model year
    2   100    25 -17.11224 acceleration
    2   100    22 -13.30405 acceleration
    1    10     2  9.26886 cylinders, weight, model year
    1    10     2  9.14120 cylinders, displacement, horsepower, weight, model year
    1    10     3 10.29508 cylinders, horsepower, weight, model year, origin
    1    10     3  9.31841 cylinders, horsepower, weight, model year, origin
    1    10     2  9.61384 cylinders, horsepower, weight, model year, origin
    2    10     1  9.78125 horsepower, weight, acceleration, model year, origin
    2    10     3  8.66528 weight, model year
    2    10     1  9.13901 weight, acceleration, model year
    2    10     1  8.16763 displacement, weight, acceleration, model year
    2    10     1  8.02039 cylinders, weight, acceleration, model year
    1     1     1 -30.31316 cylinders, acceleration, model year
    1   100    43 -19.30928 horsepower
    1   100     1 -304.48893 cylinders, horsepower, origin
    1   100    37 -14.34663 horsepower
    1   100    45 -12.10535 horsepower
    1   100    44 -14.79088 horsepower
    1   100    20 -413.26708 model year
    1   100    40 -14.09408 horsepower
    1   100     4 -11.01041 displacement, horsepower
    1   100    25 -458.51237 model year
    1   100    23 -456.51228 model year
    2    10     2 -524950051518859.06250 horsepower, model year, origin
    2    10     1 -2963181247298195.00000 cylinders, acceleration, model year
    2    10     1 -16.52279 acceleration
    2    10     2 -1437896903184532.50000 acceleration, model year, origin
    2    10     1 -22087228041128.98438 cylinders, model year, origin
    2    10     2 -1284639728755.08154 cylinders, model year, origin
    2    10     1 -2167264273549.18481 cylinders, horsepower, weight, model year
    2    10     1 -1769471744088911.00000 cylinders, displacement, horsepower, model year
    2    10     3 -1297370001316537.75000 cylinders, displacement, model year
    2    10     2 -323122829870630.37500 cylinders, acceleration, model year
    1    10     1 111.63508 horsepower
    1    10     1 75.61620 cylinders, horsepower, model year
    1    10     1 120.25956 displacement, horsepower, weight, acceleration, origin
    1    10     2 71.56274 displacement, horsepower, weight, model year, origin
    1    10     3 84.45189 horsepower
    1    10     1 106.96862 cylinders, displacement, horsepower, model year, origin
    1    10     2 80.43046 horsepower, weight, acceleration, origin
    1    10     1 105.27036 cylinders, acceleration, model year, origin
    1    10     1 108.21227 cylinders, weight, acceleration, model year
    1    10     1 64.98015 displacement, horsepower, weight, model year, origin
    2    10     2 70.25790 cylinders, weight, acceleration, model year, origin
    2    10     2 72.94566 cylinders, horsepower, weight, acceleration, model year
    2     1     1 76.44406 displacement, horsepower, weight, acceleration, model year
    2     1     1 -5941619744228.65039 cylinders, model year
    2     1     1 58.08331 horsepower, weight, model year
    1    10     1 85.71495 horsepower, weight, model year
    1    10     1 95.70988 displacement, horsepower, origin
    1    10     1 105.11713 cylinders, horsepower, acceleration, model year, origin
    1    10     1 57.89143 cylinders, displacement, horsepower, weight, model year
    1    10     1 78.90328 displacement, horsepower, weight, acceleration, model year
    1    10     1  9.39436 cylinders, displacement, horsepower, acceleration, model year, origin
    1    10     1  9.66928 cylinders, horsepower, acceleration, model year, origin
    1    10     1  9.90662 cylinders, weight, model year
    1    10     1 10.06101 cylinders, displacement, weight, model year, origin
    1    10     2 10.15298 cylinders, displacement, weight, model year, origin
    2    10     1  7.44704 displacement, weight, model year, origin
    2    10     3  8.53448 weight, model year
    2    10     2  8.39744 cylinders, weight, acceleration, model year, origin
    2    10     4  8.29886 weight, model year
    2    10     4  8.25642 weight, model year, origin
    1    10     1  9.12587 cylinders, displacement, horsepower, weight, model year, origin
    1    10     1 10.61475 cylinders, weight, model year, origin
    1    10     1  8.87665 cylinders, displacement, horsepower, acceleration, model year
    1    10     3  9.30752 cylinders, displacement, horsepower, weight, acceleration, model year, origin
    1    10     1 10.24988 cylinders, displacement, horsepower, acceleration, model year, origin
    2    10     2  9.26368 cylinders, weight, acceleration, model year, origin
    2    10     1  7.74646 cylinders, displacement, weight, model year
    2    10     2  8.48090 weight, model year
    2    10     3  8.42443 weight, model year, origin
    2    10     1  8.11858 displacement, weight, model year
    2    10     1 131.36151 horsepower, weight
    2    10     1 51.77382 horsepower, weight, acceleration
    2    10     1 73.30708 weight, acceleration, model year
    2    10     2 83.58015 horsepower, weight, acceleration, model year
    2    10     4 70.56836 horsepower, weight, acceleration, model year
    2    10     1 110.13911 weight, acceleration
    2    10     3 109.10181 horsepower, acceleration
    2    10     1 112.93683 displacement, horsepower, acceleration
    2    10     2 97.99013 horsepower, acceleration
    2    10     1 94.42479 displacement, horsepower, weight, acceleration
    1    10     1 99.93197 weight, acceleration
    1    10     1 95.74222 horsepower, weight, acceleration
    1    10     1 105.05486 weight
    1    10     3 130.92883 horsepower, acceleration
    1    10     6 104.75544 horsepower
    1    10     2 14.44582 displacement, horsepower, weight
    1    10     1 15.16704 horsepower, weight, acceleration
    1    10     3 14.05450 weight
    1    10     1 14.68729 weight, acceleration
    1    10     2 14.21659 weight
    2    10     1 12.28570 displacement, weight
    2    10     1 13.15948 displacement, weight, acceleration
    2    10     2 11.89089 weight, acceleration
    2    10     1 11.38983 displacement, horsepower, weight
    2    10     3 11.54332 displacement, horsepower, weight
    2    10     5  9.09342 weight, model year
    2    10     3  8.76077 displacement, weight, model year
    2    10     2  9.20447 weight, acceleration, model year
    2    10     2  8.94541 horsepower, weight, acceleration, model year
    2    10     2  8.90506 weight, acceleration, model year
    1    10     2 12.43150 weight, model year
    1    10     2 10.32841 horsepower, weight, model year
    1    10     1 10.06902 horsepower, weight, acceleration, model year
    1    10     6 11.11972 weight, model year
    1    10     2 11.11908 horsepower, weight, model year
    1    10     2  9.65973 cylinders, weight, model year, origin
    1    10     1 10.39766 cylinders, displacement, horsepower, weight, acceleration, model year, origin
    1    10     1 10.28279 cylinders, weight, model year
    1    10     2  9.36325 cylinders, horsepower, weight, model year, origin
    1    10     1  9.41197 cylinders, horsepower, weight, model year, origin
    2    10     2  8.65685 displacement, weight, model year, origin
    2    10     1  8.69833 horsepower, weight, acceleration, model year, origin
    2    10     2  9.34653 displacement, weight, model year, origin
    2    10     1  7.97590 horsepower, weight, acceleration, model year, origin
    2    10     3  8.88957 weight, model year, origin
    1  1000    14  9.77728 displacement, weight, model year, origin
    1  1000    70 10.02768 cylinders, displacement, horsepower, weight, acceleration, model year, origin
    1  1000   104  9.92095 cylinders, horsepower, weight, model year, origin
    1  1000   224  9.87761 cylinders, displacement, horsepower, weight, model year, origin
    1  1000    13 10.02575 cylinders, displacement, horsepower, weight, model year
    1  1000    70 10.04349 cylinders, weight, model year, origin
    1    10     2 11.19886 cylinders, horsepower, model year, origin
    1    10     2 10.27384 cylinders, horsepower, weight, acceleration, model year, origin
    1    10     2  9.74077 cylinders, displacement, horsepower, weight, model year, origin
    1    10     1 10.58904 cylinders, displacement, horsepower, weight, acceleration, model year, origin
    1    10     4  9.70120 cylinders, displacement, horsepower, weight, model year, origin
    1    10     1 72.96257 displacement, weight, model year
    1    10     2 70.91587 cylinders, horsepower, model year, origin
    1    10     1 54.53249 cylinders, displacement, horsepower, weight, acceleration, model year
    1    10     1 96.86565 horsepower
    1    10     1 85.18952 displacement, horsepower, weight, origin
    1    10     1 63.04707 displacement, horsepower, acceleration, model year
    1    10     1 72.66760 horsepower
    1    10     1 75.16524 cylinders, horsepower, weight, model year
    1    10     1 101.21823 cylinders, horsepower, model year, origin
    1    10     3 90.15398 horsepower
    1    10     1 10.71742 cylinders, displacement, weight, model year, origin
    1    10     1  9.22960 cylinders, displacement, horsepower, weight, acceleration, model year, origin
    1    10     2 10.44747 cylinders, weight, model year, origin
    1    10     1  8.79970 cylinders, displacement, weight, acceleration, model year, origin
    1    10     2  9.55652 cylinders, displacement, horsepower, weight, model year, origin
    1    10    10 70.00369 acceleration
    1    10    10 70.39080 acceleration
    1    10     1 107.71929 horsepower, acceleration, model year
    1    10     2 122.98404 displacement, horsepower, weight, model year
    1    10     1 88.38322 displacement, horsepower, weight, acceleration, model year, origin
    1    10     1 80.25570 displacement, weight, model year
    1    10     1 77.28321 cylinders, displacement, horsepower, weight, model year, origin
    1    10     1 55.06622 displacement, horsepower, weight, model year
    1    10     1 107.07741 horsepower
    1    10     1 53.92016 cylinders, displacement, horsepower, acceleration, model year
    1    10     1 69.45659 displacement, weight, acceleration, model year, origin
    1    10     1 77.78893 displacement, horsepower, weight, acceleration, model year, origin
    1    10     2 80.93753 cylinders, displacement, horsepower, weight, acceleration, model year
    1    10     2 95.18032 cylinders, horsepower, model year, origin
    1    10     1 100.86653 cylinders, weight, acceleration, model year, origin
    1    10     1  9.69997 cylinders, displacement, weight, model year, origin
    1    10     4  9.43271 cylinders, displacement, horsepower, weight, model year, origin
    1    10     1  9.47382 cylinders, displacement, weight, acceleration, model year, origin
    1    10     2  9.66613 cylinders, weight, model year, origin
    1    10     1 10.11398 cylinders, weight, model year, origin
    1    10     1 68.03757 displacement, horsepower, weight, acceleration
    1    10     1 76.89074 displacement, horsepower, weight, origin
    1    10     1 69.09521 displacement, horsepower, weight, model year, origin
    1    10     1 53.79627 displacement, weight, model year, origin
    1    10     1 91.31073 displacement, horsepower, weight
    1    10     3 90.59035 horsepower
    1    10     3 114.30207 horsepower
    1     1     1 74.50274 horsepower, acceleration, model year
    1     1     1 81.54630 displacement, horsepower, weight, acceleration, model year, origin
    1     1     1 62.88652 displacement, horsepower, weight, acceleration, model year, origin
    1     1     1 68.80308 horsepower, acceleration, model year, origin
    1     1     1 73.68241 weight, model year, origin
    1     1     1 84.40045 displacement, horsepower, weight, model year, origin
    1     1     1 91.04132 displacement, horsepower, acceleration, model year
    1     1     1 109.49293 weight, acceleration
    1     1     1 67.57815 horsepower, acceleration, model year
    1     1     1 65.45457 cylinders, displacement, horsepower, weight, acceleration, model year, origin
    1   100     1 52.70667 cylinders, displacement, horsepower, weight, acceleration, origin
    1   100     1 127.43386 horsepower, origin
    1   100     1 80.58563 horsepower, weight, model year, origin
    1   100     5 121.02498 horsepower, acceleration
    1   100     1 85.75837 weight, acceleration
    1   100     3  9.97049 cylinders, weight, model year
    1   100     4  9.36377 cylinders, horsepower, weight, model year
    1   100    10  9.86555 cylinders, displacement, horsepower, weight, acceleration, model year, origin
    1   100    19  9.94553 cylinders, displacement, horsepower, weight, model year, origin
    1   100    13  9.52639 cylinders, horsepower, weight, model year, origin
