order iters  errmean    cylinders displacement   horsepower       weight acceleration   model year       origin
    1     1 10.68074        40.00        40.00        50.00       100.00        30.00       100.00        70.00
    1     1  9.57595        55.00        50.00        60.00        85.00        55.00       100.00        95.00
    1     1 12.56957        55.00        55.00        40.00       100.00        55.00       100.00        80.00
    1     1 11.25404        50.00        40.00        20.00       100.00        45.00       100.00        55.00
    1     1 11.13328        45.00        40.00        45.00       100.00        45.00       100.00        80.00
    1     1 11.51414        50.00        60.00        30.00        70.00        50.00       100.00       100.00
    1     1 11.41901        60.00        45.00        60.00        90.00        55.00       100.00        90.00
    1     1 12.78371        50.00        60.00        40.00       100.00        50.00       100.00        20.00
    1     1 12.66445        60.00        45.00        45.00        80.00        50.00       100.00       100.00
    1     1 13.10574        50.00        50.00        40.00       100.00        40.00       100.00        80.00
    1    10 11.95226        47.00        48.00        47.00        93.00        48.50       100.00        80.00
    1    10 11.38014        54.50        49.50        50.50        91.00        47.00        99.00        87.00
    1    10 11.61202        49.50        48.50        49.00        93.00        47.50       100.00        85.50
    1    10 12.02538        54.00        46.00        45.00        90.50        46.50        94.50        84.00
    1    10 11.83327        51.50        45.00        44.00        99.50        42.00        97.50        73.50
    1    10 11.60782        50.00        45.50        43.00        99.50        42.50        93.00        77.50
    1    10 11.42846        57.50        46.50        50.50        97.50        47.00        98.50        84.00
    1    10 11.89834        52.00        52.00        47.50        92.00        46.00        93.50        83.50
    1    10 11.71295        51.50        47.00        51.50        85.00        43.50        99.00        79.00
    1    10 11.32468        52.50        50.50        51.00        90.00        54.00        99.50        90.50
    1   100 11.77368        53.00        45.85        46.00        90.75        46.60        97.20        80.10
    1   100 11.85047        51.00        46.55        46.15        93.05        46.20        98.50        82.10
    1   100 11.81626        52.00        45.40        47.70        92.65        47.00        99.30        81.60
    1   100 11.87338        50.75        47.15        47.65        92.70        46.55        98.00        81.50
    1   100 11.81348        51.35        45.65        45.55        91.90        47.85        99.10        81.50
    1   100 11.68822        51.25        46.80        47.10        94.40        46.40        98.35        81.50
    1   100 11.85930        52.80        47.10        47.40        91.15        46.20        97.40        83.35
    1   100 11.90231        52.10        46.55        46.85        91.30        46.75        98.70        80.45
    1   100 11.91151        51.95        43.75        47.20        95.30        45.45        98.25        77.75
    1   100 11.90404        52.40        48.35        46.70        91.15        47.05        97.90        82.40
    2    30  8.84636        47.17        53.00        60.83        91.00        56.83       100.00        51.17
    2    30  9.16771        45.83        53.50        56.50        88.83        59.67       100.00        56.00
    2    30  8.77087        43.33        52.83        58.50        86.67        60.83       100.00        54.33
    2    30  9.05969        45.17        58.33        61.33        81.00        58.83       100.00        56.17
    2    30  8.88034        47.67        56.17        53.00        85.83        57.67       100.00        54.00
    2    30  8.97245        43.33        53.83        58.83        89.00        58.33       100.00        53.17
    2    30  8.75873        42.50        56.67        59.50        86.00        58.50       100.00        52.50
    2    30  8.94079        43.67        54.67        64.00        88.67        59.67       100.00        56.17
    2    30  8.97386        40.83        56.67        56.17        88.00        59.67       100.00        55.67
    2    30  8.88422        41.67        51.17        53.50        91.83        61.33       100.00        47.67
    2   100  8.84290        45.90        55.00        60.35        88.05        58.65        99.85        53.55
    2   100  8.85810        45.00        54.20        58.95        88.65        58.50       100.00        52.65
    2   100  8.90107        44.10        55.65        59.30        86.65        61.10       100.00        53.10
    2   100  9.03363        45.40        55.05        59.60        84.80        59.60       100.00        55.70
    2   100  8.94388        43.35        55.05        55.30        88.55        58.55        99.95        52.80
    2   100  8.99723        45.70        55.90        60.70        87.35        56.60       100.00        51.20
    2   100  8.92940        43.25        52.70        58.30        88.20        58.40        99.85        52.40
    2   100  8.95825        44.45        55.80        55.50        87.15        57.75       100.00        52.65
    2   100  8.90152        42.70        55.70        57.75        87.15        58.05        99.90        54.30
    2   100  8.94512        42.35        54.75        56.25        86.55        58.15       100.00        53.15
    2     1  8.36212        40.00        60.00        75.00        85.00        75.00       100.00        40.00
    2     1 10.12155        55.00        60.00        30.00        90.00        50.00       100.00        60.00
    2     1  9.00233        35.00        50.00        50.00        95.00        30.00       100.00        60.00
    2     1  8.85219        40.00        40.00        50.00       100.00        55.00       100.00        55.00
    2     1  8.40215        40.00        45.00        75.00        95.00        60.00       100.00        65.00
    2     1  9.70037        40.00        60.00        55.00        90.00        60.00       100.00        55.00
    2     1  8.89969        40.00        60.00        75.00        95.00        70.00       100.00        50.00
    2     1  8.94108        55.00        40.00        65.00        75.00        80.00       100.00        50.00
    2     1  9.69864        45.00        65.00        45.00        90.00        70.00       100.00        45.00
    2     1  7.62382        50.00        55.00        65.00       100.00        75.00       100.00        50.00
    2     1  8.60620        50.00        55.00        45.00       100.00        20.00       100.00        60.00
    2     1  8.31959        35.00        50.00        60.00       100.00        35.00       100.00        60.00
    2     1  7.87886        55.00        55.00        65.00        85.00        80.00       100.00        40.00
    2     1  9.69047        35.00        45.00        35.00        85.00        55.00       100.00        50.00
    2     1  9.12473        40.00        45.00        70.00       100.00        65.00       100.00        50.00
    2     1  8.96248        30.00        65.00        75.00        85.00        75.00       100.00        60.00
    2     1 10.61331        55.00        55.00        35.00        90.00        65.00       100.00        65.00
    2     1  8.69128        45.00        40.00        65.00       100.00        60.00       100.00        55.00
    2     1  8.75138        25.00        40.00        70.00        75.00        65.00       100.00        45.00
    2     1  9.27990        45.00        50.00        25.00        80.00        50.00       100.00        55.00
    2     1  9.22015        45.00        65.00        80.00        70.00        70.00       100.00        40.00
    2     1  8.87219        30.00        50.00        60.00        90.00        50.00       100.00        30.00
    2     1  8.73716        55.00        60.00        55.00       100.00        50.00       100.00        80.00
    2     1  9.41044        50.00        65.00       100.00        70.00        55.00       100.00        50.00
    2     1  8.53758        40.00        45.00        40.00       100.00        45.00       100.00        75.00
    2     1  9.67170        35.00        45.00        45.00       100.00        45.00       100.00        35.00
    2     1  8.14152        30.00        60.00        60.00        95.00        45.00       100.00        70.00
    2     1  9.39450        40.00        45.00        55.00       100.00        45.00       100.00        65.00
    2     1  9.16617        60.00        60.00        85.00        85.00        65.00       100.00        55.00
    2     1  8.42437        45.00        55.00        50.00       100.00        20.00       100.00        60.00
    2     1  8.74413        55.00        60.00        50.00        50.00        35.00       100.00        60.00
    2     1  8.97374        35.00        65.00        35.00        75.00        70.00       100.00        60.00
    2     1  8.42277        60.00        55.00        45.00       100.00        60.00       100.00        30.00
    2     1  9.32754        50.00        45.00        45.00        90.00        45.00       100.00        50.00
    2     1  8.46145        55.00        65.00        75.00        85.00        75.00       100.00        50.00
    2     1  9.34939        65.00        55.00        25.00        90.00        60.00       100.00        50.00
    2     1  7.67191        45.00        60.00        55.00        90.00        45.00       100.00        65.00
    2     1  8.91806        55.00        65.00        75.00        35.00        60.00       100.00        65.00
    2     1  9.01602        40.00        75.00        85.00        75.00        65.00       100.00        60.00
    2     1  8.72686        50.00        55.00        90.00        85.00        55.00       100.00        40.00
    2     1  9.58172        60.00        80.00        60.00        85.00        60.00       100.00        45.00
    2     1  8.53816        35.00        90.00        65.00        70.00        60.00       100.00        50.00
    2     1  8.15841        50.00        50.00        60.00        95.00        40.00       100.00        35.00
    2     1  7.70368        45.00        60.00        80.00        75.00        40.00       100.00        25.00
    2     1  8.14425        45.00        50.00        65.00        90.00        75.00       100.00        40.00
    2     1  8.44948        35.00        55.00        80.00        85.00        55.00       100.00        65.00
    2     1  8.93385        45.00        50.00        60.00        90.00        70.00       100.00        45.00
    2     1  8.12709        50.00        40.00        75.00        95.00        55.00       100.00        65.00
    2     1  8.27906        30.00        75.00        70.00        85.00        55.00       100.00        40.00
    2     1 10.09281        45.00        50.00        75.00       100.00        60.00       100.00        55.00
    2     1  8.21151        55.00        60.00        50.00       100.00        35.00       100.00        70.00
    2     1  9.04132        45.00        60.00        60.00       100.00        75.00       100.00        55.00
    2     1  8.70726        45.00        65.00        80.00        85.00        75.00       100.00        60.00
    2     1 10.09283        55.00        45.00        65.00       100.00        50.00       100.00        55.00
    2     1  9.00663        50.00        65.00        75.00        90.00        75.00       100.00        65.00
    2     1  9.05284        50.00        75.00        80.00        85.00        60.00       100.00        60.00
    2     1  8.13920        40.00        50.00        75.00        95.00        60.00       100.00        50.00
    2     1  8.00391        40.00        45.00        80.00       100.00        50.00       100.00        55.00
    2     1  8.40558        45.00        40.00        45.00       100.00        60.00       100.00        25.00
    2     1  8.06493        50.00        65.00        55.00        95.00        40.00       100.00        30.00
    2     1  8.59175        55.00        70.00        70.00        85.00        50.00       100.00        30.00
    2     1  8.99303        40.00        30.00        55.00       100.00        55.00       100.00        30.00
    2     1  7.13255        55.00        60.00        55.00        90.00        85.00       100.00        45.00
    2     1  8.48123        50.00        60.00        50.00        85.00        50.00       100.00        70.00
    2     1  7.70088        35.00        75.00        70.00        75.00        65.00       100.00        40.00
    2     1  9.17391        45.00        60.00        15.00        80.00        55.00       100.00        60.00
    2     1  9.84169        50.00        65.00        75.00        70.00        70.00        65.00        90.00
    2     1  8.85342        30.00        35.00        60.00       100.00        60.00       100.00        45.00
    2     1  8.69232        40.00        60.00        60.00        95.00        50.00       100.00        50.00
    2     1  8.61197        45.00        65.00        55.00       100.00        60.00       100.00        40.00
    2     1  7.98585        40.00        30.00        45.00       100.00        45.00       100.00        35.00
    2     1  8.13885        50.00        50.00        35.00       100.00        35.00       100.00        50.00
    2     1  9.90632        55.00        60.00        55.00        95.00        70.00       100.00        35.00
    2     1  9.25083        65.00        60.00        70.00        95.00        50.00       100.00        50.00
    2     1  8.53715        50.00        60.00        35.00        95.00        50.00       100.00        65.00
    2     1  8.64904        45.00        55.00        70.00        85.00        30.00       100.00        30.00
    2     1  9.42261        50.00        45.00        65.00       100.00        55.00       100.00        65.00
    2     1  8.99349        40.00        50.00        70.00        80.00        80.00       100.00        60.00
    2     1  8.41463        35.00        65.00        65.00       100.00        65.00       100.00        55.00
    2     1  8.42246        35.00        50.00        55.00        95.00        75.00       100.00        55.00
    2     1  9.03117        20.00        40.00        55.00        95.00        55.00       100.00        45.00
    2     1  9.16460        60.00        50.00        25.00        95.00        65.00       100.00        45.00
    2     1  7.72777        40.00        55.00        80.00        90.00        65.00       100.00        50.00
    2     1  9.02929        30.00        30.00        70.00        80.00        65.00       100.00        35.00
    2     1  8.52973        65.00        60.00        75.00        85.00        65.00       100.00        70.00
    2     1  8.02253        40.00        60.00        85.00        90.00        65.00       100.00        50.00
    2     1  7.87621        40.00        60.00        70.00        90.00        80.00       100.00        60.00
    2     1  8.58126        65.00        65.00        80.00        85.00        75.00       100.00        50.00
    2     1  7.62236        40.00        55.00        75.00        90.00        75.00       100.00        50.00
    2     1  9.07778        35.00        40.00        30.00       100.00        40.00       100.00        40.00
    2     1  8.47441        35.00        65.00        60.00        95.00        65.00       100.00        50.00
    2     1  9.44478        35.00        45.00        65.00        80.00        70.00       100.00        65.00
    2     1  8.31559        55.00        70.00        80.00        85.00        65.00       100.00        60.00
    2     1  8.55130        50.00        60.00        50.00       100.00        55.00       100.00        50.00
    2     1  7.60586        50.00        65.00        50.00       100.00        50.00       100.00        60.00
    2     1 10.26508        30.00        45.00        55.00        85.00        55.00       100.00        40.00
    2     1  8.84483        50.00        55.00        80.00        95.00        65.00       100.00        65.00
    2     1  8.86688        35.00        50.00        40.00       100.00        65.00       100.00        55.00
    2     1  8.40850        45.00        60.00        40.00        85.00        30.00       100.00        60.00
    2     1  7.60482        35.00        60.00        65.00        85.00        85.00       100.00        60.00
    2  1000  8.89485        44.09        54.58        58.10        88.38        58.30        99.97        52.87
    2  1000  8.91418        44.49        54.54        58.55        87.59        58.75        99.95        52.94
    2  1000  8.88268        44.73        54.85        59.05        87.76        58.90        99.89        53.12
    2  1000  8.90520        44.43        54.79        57.79        87.45        58.43        99.98        53.03
    2  1000  8.90416        45.23        54.53        58.18        87.50        58.31        99.98        53.12
    2  1000  8.94398        44.47        54.95        58.80        87.30        58.89        99.93        53.36
    2  1000  8.92973        44.44        54.98        58.66        87.09        59.01        99.81        53.25
    2  1000  8.92577        44.41        55.06        58.74        87.16        59.49        99.93        53.14
    2  1000  8.92483        44.52        55.28        58.64        87.36        59.76        99.96        52.89
    2  1000  8.91015        44.22        55.15        57.48        87.28        58.48        99.94        53.15
    2   100  8.61373        43.00        58.40        65.40        92.40        63.60       100.00        60.00
    2   100  8.60943        42.00        58.00        70.80        88.00        67.60       100.00        53.60
    2   100  8.57042        41.80        58.40        70.60        86.20        67.60       100.00        58.80
    2   100  8.61367        40.80        60.40        62.60        89.20        61.60       100.00        56.80
    2   100  8.71646        37.80        60.60        74.80        86.40        64.80       100.00        53.60
    2  1000  8.61968        41.78        61.80        65.78        87.68        66.92        99.98        56.84
    2  1000  8.61836        40.72        60.78        66.20        88.12        65.74       100.00        58.28
    2  1000  8.65391        40.48        59.70        65.90        87.04        66.12        99.98        57.72
    2  1000  8.63347        40.46        60.86        66.68        87.98        67.44        99.94        58.54
    2  1000  8.60789        41.04        61.14        67.44        87.66        68.30        99.96        59.64
    2  1000  8.64695        40.98        61.78        68.08        88.24        66.82        99.98        57.54
    2  1000  8.66085        41.28        62.42        65.94        87.84        65.80       100.00        57.66
    2  1000  8.61960        40.24        58.42        66.48        88.92        66.72       100.00        59.00
    2  1000  8.64466        40.50        61.12        66.98        86.50        66.50        99.96        56.94
    2  1000  8.61393        41.00        61.34        66.86        87.68        66.00        99.96        57.18
