order iters  errmean    cylinders displacement   horsepower       weight acceleration   model year       origin
    1   100 -111.14265        23.00        33.00        59.20        36.00        38.60        52.20         7.80
    1   100 -102.70716        23.40        33.00        59.60        29.60        40.60        43.20        13.40
    1   100 -85.42997        19.00        30.80        60.40        35.40        42.20        42.80        14.20
    1   100 -89.69938        19.40        27.20        65.20        35.80        40.80        36.60        13.20
    1   100 -106.44963        19.40        26.60        57.00        35.60        41.00        46.40        12.60
    2   100 -115.99122        47.40        36.80        38.80        27.00        55.40        47.20        46.00
    2   100 -118.91221        48.80        36.80        45.80        23.20        54.40        41.20        47.20
    2   100 -104.34002        50.00        37.60        44.60        22.00        53.40        38.20        45.40
    2   100 -84.67305        45.40        38.00        46.60        23.40        52.80        43.80        41.00
    2   100 -89.49604        50.00        37.20        40.40        22.80        57.40        48.20        41.80
    1    10  9.94655        90.00        42.00        64.00        90.00        50.00       100.00        74.00
    1    10 10.13658       100.00        42.00        82.00        76.00        54.00        96.00        66.00
    1    10 10.21908       100.00        50.00        76.00        94.00        40.00       100.00        86.00
    1    10 10.28960        98.00        40.00        68.00        72.00        46.00       100.00        72.00
    1    10 10.04754        78.00        46.00        58.00        90.00        52.00       100.00        96.00
    2    10  8.84511        30.00        30.00        40.00        88.00        54.00        98.00        46.00
    2    10  8.87411        22.00        30.00        16.00       100.00        46.00       100.00        42.00
    2    10  8.49109        28.00        44.00        34.00        94.00        58.00       100.00        42.00
    2    10  8.93668        40.00        32.00        32.00        94.00        48.00       100.00        38.00
    2    10  8.78704        36.00        26.00        24.00        96.00        42.00       100.00        54.00
    1     1 -18.13882        85.00        50.00        40.00        45.00        50.00       100.00        15.00
    1   100 -72.71589        24.50        46.90        56.25        50.65        50.15        41.85        33.20
    1   100 -58.92465        28.10        47.80        56.45        50.95        50.05        45.10        31.05
    1   100 -87.52726        25.80        46.95        54.65        53.60        50.30        47.85        31.75
    1   100 -97.22134        25.70        48.30        54.65        53.80        50.65        47.85        32.75
    1   100 -79.08810        20.85        47.00        56.10        54.15        50.10        43.60        33.85
    1   100 -78.63771        23.35        48.20        56.20        53.95        49.40        48.40        29.70
    1   100 -108.12663        26.35        47.60        53.35        52.45        51.15        46.70        34.75
    1   100 -90.87319        24.40        46.85        55.50        54.45        50.70        44.25        31.65
    1   100 -100.64880        24.40        47.70        55.90        51.75        49.40        46.30        33.00
    1   100 -89.98337        22.25        48.70        56.05        51.75        51.00        45.80        32.85
    2    10 -22637541606885.33203        55.50        41.00        42.00        46.50        47.00        63.00        47.50
    2    10 -68460222730541.62500        51.00        40.50        41.50        40.50        49.00        66.00        49.00
    2    10 -40707925166448.61719        44.50        47.50        60.00        45.50        53.50        50.00        41.00
    2    10 -100664615906828.93750        28.00        36.50        66.00        45.00        51.50        41.00        44.00
    2    10 -38690008264136.31250        48.00        47.00        58.50        44.50        50.50        41.50        51.50
    2    10 -49801546859814.91406        49.00        40.50        49.00        41.50        45.00        61.50        49.00
    2    10 -9644067663351.18555        48.50        43.00        48.50        42.50        51.50        55.50        51.50
    2    10 -86379623409841.90625        58.00        48.50        42.50        35.50        53.50        53.50        44.50
    2    10 -27238797361408.61719        57.00        41.50        48.50        41.50        55.00        49.00        48.50
    2    10 -135417577104925.59375        67.50        44.50        59.50        39.00        53.00        41.50        43.50
    1    10 109.91232        32.50        48.00        65.50        71.00        48.50        46.50        59.50
    1    10 95.02052        31.50        48.00        63.50        77.50        49.50        74.50        51.50
    1    10 117.08851        25.50        45.50        62.50        69.00        50.50        40.00        62.50
    1    10 86.73562        34.50        49.00        60.50        86.50        50.50        82.00        58.00
    1    10 105.98083        49.50        46.00        62.50        66.00        49.50        47.00        61.50
    1    10 112.47251        34.00        48.50        60.50        67.50        47.00        62.00        56.00
    1    10 109.79721        38.00        45.00        61.00        66.00        48.00        38.50        64.50
    1    10 100.67514        49.00        50.50        61.50        78.00        49.50        78.00        57.50
    1    10 107.42670        60.50        50.00        59.50        70.50        50.00        70.00        66.00
    1    10 102.98231        33.50        46.50        56.00        83.00        49.00        66.00        60.50
    2    10 91.00790        44.00        42.50        66.50        75.50        52.50        61.00        41.00
    2    10 97.36669        44.50        46.00        59.50        75.50        47.50        54.00        42.00
    2     1 100.45199        60.00        50.00        80.00        80.00        80.00        10.00        10.00
    2     1 -647837689043.85181        20.00        30.00        80.00        20.00        70.00        20.00        20.00
    2     1 67.26326        20.00        30.00        40.00       100.00        40.00       100.00        40.00
    1    10 101.04283        32.00        50.00        71.00        78.00        41.00        76.00        57.00
    1    10 89.71564        25.00        46.00        72.00        87.00        53.00        29.00        59.00
    1    10 94.55172        35.00        47.00        59.00        81.00        53.00        61.00        73.00
    1    10 93.75402        31.00        47.00        69.00        79.00        48.00        38.00        71.00
    1    10 89.27272        22.00        44.00        63.00        84.00        53.00        57.00        53.00
    1    10 10.30719        95.00        49.00        66.00        91.00        51.00       100.00        73.00
    1    10 10.34284        98.00        47.00        61.00        91.00        51.00       100.00        64.00
    1    10 10.23471        93.00        46.00        56.00        96.00        39.00       100.00        74.00
    1    10 10.05056        92.00        53.00        63.00        92.00        50.00       100.00        71.00
    1    10 10.09383        90.00        48.00        60.00        89.00        47.00       100.00        71.00
    2    10  8.88651        21.00        39.00        35.00        84.00        49.00       100.00        40.00
    2    10  9.01387        31.00        44.00        30.00        89.00        46.00       100.00        43.00
    2    10  9.13064        28.00        34.00        41.00        89.00        48.00        99.00        52.00
    2    10  8.99676        22.00        44.00        31.00        95.00        37.00       100.00        35.00
    2    10  8.78344        22.00        42.00        29.00        99.00        43.00       100.00        37.00
    1    10  9.42109        93.00        45.00        61.00        90.00        46.00       100.00        71.00
    1    10 10.11563        88.00        49.00        68.00        86.00        46.00       100.00        70.00
    1    10 10.01841        96.00        48.00        62.00        70.00        50.00       100.00        72.00
    1    10  9.45598        98.00        48.00        48.00        98.00        45.00       100.00        66.00
    1    10  9.88159        88.00        48.00        54.00        85.00        48.00       100.00        62.00
    2    10  9.03561        31.00        43.00        33.00        83.00        48.00       100.00        46.00
    2    10  8.43071        19.00        44.00        35.00        94.00        45.00       100.00        50.00
    2    10  8.21392        18.00        35.00        30.00        95.00        47.00       100.00        40.00
    2    10  8.51677        31.00        35.00        28.00        90.00        45.00       100.00        57.00
    2    10  8.71265        44.00        44.00        47.00        83.00        47.00        97.00        41.00
    2    10 146.15008         0.00         0.00        63.00        69.00        57.00        40.00         0.00
    2    10 98.92158         0.00         0.00        63.00        73.00        54.00        45.00         0.00
    2    10 124.07600         0.00         0.00        66.00        70.00        57.00        45.00         0.00
    2    10 144.20363         0.00         0.00        71.00        65.00        53.00        47.00         0.00
    2    10 105.03995         0.00         0.00        67.00        69.00        56.00        50.00         0.00
    2    10 115.85862         0.00        51.00        68.00        68.00        54.00         0.00         0.00
    2    10 117.04079         0.00        43.00        72.00        61.00        53.00         0.00         0.00
    2    10 102.72117         0.00        53.00        68.00        64.00        55.00         0.00         0.00
    2    10 121.01227         0.00        49.00        66.00        65.00        54.00         0.00         0.00
    2    10 104.11500         0.00        52.00        68.00        65.00        52.00         0.00         0.00
    1    10 114.65978         0.00        41.00        66.00        71.00        51.00         0.00         0.00
    1    10 133.56314         0.00        46.00        73.00        65.00        57.00         0.00         0.00
    1    10 119.09825         0.00        43.00        63.00        73.00        50.00         0.00         0.00
    1    10 126.76525         0.00        46.00        70.00        70.00        55.00         0.00         0.00
    1    10 122.63399         0.00        42.00        65.00        72.00        49.00         0.00         0.00
    1    10 14.93884         0.00        60.00        52.00        78.00        51.00         0.00         0.00
    1    10 14.49983         0.00        60.00        51.00        80.00        54.00         0.00         0.00
    1    10 14.88297         0.00        58.00        53.00        79.00        51.00         0.00         0.00
    1    10 14.41785         0.00        63.00        55.00        77.00        52.00         0.00         0.00
    1    10 14.75936         0.00        60.00        51.00        80.00        51.00         0.00         0.00
    2    10 12.59173         0.00        67.00        60.00        65.00        51.00         0.00         0.00
    2    10 12.37482         0.00        62.00        63.00        70.00        51.00         0.00         0.00
    2    10 12.76335         0.00        56.00        65.00        74.00        50.00         0.00         0.00
    2    10 12.40276         0.00        65.00        60.00        67.00        51.00         0.00         0.00
    2    10 12.19068         0.00        66.00        63.00        65.00        54.00         0.00         0.00
    2    10  9.70869         0.00        57.00        59.00        80.00        50.00        99.00         0.00
    2    10  9.47085         0.00        59.00        57.00        79.00        48.00        98.00         0.00
    2    10  9.51780         0.00        60.00        55.00        80.00        45.00       100.00         0.00
    2    10  9.35484         0.00        60.00        55.00        77.00        48.00       100.00         0.00
    2    10  9.78998         0.00        60.00        55.00        73.00        47.00        96.00         0.00
    1    10 11.52178         0.00        59.00        52.00        79.00        53.00        99.00         0.00
    1    10 11.42034         0.00        59.00        49.00        80.00        54.00        98.00         0.00
    1    10 11.28716         0.00        59.00        48.00        77.00        54.00       100.00         0.00
    1    10 11.54212         0.00        58.00        52.00        77.00        58.00        98.00         0.00
    1    10 11.66080         0.00        58.00        50.00        81.00        58.00        99.00         0.00
    1    10 10.75453        97.00        47.00        53.00        88.00        46.00       100.00        69.00
    1    10  9.92286        91.00        56.00        53.00        90.00        45.00       100.00        61.00
    1    10 10.26588        96.00        48.00        54.00       100.00        46.00       100.00        70.00
    1    10  9.79625        91.00        46.00        48.00        92.00        44.00       100.00        63.00
    1    10 10.22949        89.00        48.00        66.00        88.00        44.00       100.00        69.00
    2    10  8.94354        32.00        51.00        32.00        87.00        43.00       100.00        39.00
    2    10  8.56136        22.00        42.00        36.00        95.00        39.00       100.00        37.00
    2    10  9.01675        26.00        48.00        35.00        92.00        43.00       100.00        33.00
    2    10  9.00088        27.00        29.00        34.00        95.00        37.00       100.00        46.00
    2    10  8.94049        18.00        37.00        39.00        86.00        44.00       100.00        39.00
    1  1000 10.20623        92.51        46.74        59.03        89.56        47.30        99.80        70.69
    1  1000 10.20974        91.99        47.01        59.19        89.31        47.25        99.66        71.87
    1  1000 10.18156        90.26        47.43        57.95        89.02        46.97        99.86        73.30
    1  1000 10.20008        92.68        46.51        58.93        90.28        47.18        99.91        70.60
    1  1000 10.16496        92.22        47.32        58.69        89.56        47.21        99.97        69.88
    1  1000 10.16610        92.89        47.46        58.83        89.98        47.14        99.62        69.64
    1    10 10.43835        80.00        46.00        59.00        77.00        49.00       100.00        77.00
    1    10 10.63166        82.00        49.00        55.00        85.00        52.00       100.00        73.00
    1    10  9.96526        91.00        45.00        51.00        96.00        47.00       100.00        78.00
    1    10 10.29467        80.00        44.00        59.00        92.00        40.00       100.00        73.00
    1    10  9.69938       100.00        46.00        59.00       100.00        47.00       100.00        64.00
    1    10 95.55526        22.00        42.00        69.00        89.00        53.00        50.00        35.00
    1    10 96.17782        45.00        48.00        74.00        66.00        51.00        72.00        54.00
    1    10 73.33851        26.00        47.00        52.00        96.00        50.00        81.00        50.00
    1    10 106.77069        31.00        48.00        67.00        75.00        45.00        61.00        55.00
    1    10 97.12291        30.00        52.00        72.00        83.00        50.00        48.00        64.00
    1    10 94.36826        47.00        53.00        63.00        80.00        51.00        73.00        46.00
    1    10 89.58429        20.00        49.00        66.00        74.00        54.00        64.00        56.00
    1    10 100.35179        46.00        49.00        67.00        70.00        45.00        79.00        52.00
    1    10 95.84488        43.00        43.00        67.00        75.00        46.00        62.00        52.00
    1    10 95.99203        46.00        41.00        66.00        79.00        47.00        52.00        47.00
    1    10 10.25384        96.00        53.00        64.00        89.00        45.00       100.00        65.00
    1    10 10.39340        98.00        51.00        60.00        88.00        48.00       100.00        72.00
    1    10 10.30080        86.00        42.00        58.00        92.00        45.00       100.00        71.00
    1    10  9.90633        78.00        45.00        49.00        88.00        49.00       100.00        66.00
    1    10 10.29178        89.00        52.00        52.00        93.00        46.00       100.00        73.00
    1    10 261.57749        13.00         0.00        50.00         0.00        62.00        48.00        59.00
    1    10 291.55795        14.00         2.00        54.00         0.00        62.00        48.00        62.00
    1    10 113.38796         0.00        49.00        66.00        79.00        54.00        68.00        59.00
    1    10 116.15238         0.00        55.00        65.00        80.00        56.00        88.00        42.00
    1    10 233.31392         7.00        50.00        74.00        67.00        54.00        65.00        51.00
    1    10 99.23994        34.00        46.00        66.00        87.00        51.00        53.00        47.00
    1    10 97.69679        47.00        40.00        68.00        80.00        50.00        70.00        51.00
    1    10 91.39948        37.00        49.00        61.00        86.00        48.00        66.00        68.00
    1    10 99.59110        66.00        47.00        63.00        83.00        43.00        67.00        57.00
    1    10 88.31801        34.00        50.00        68.00        88.00        51.00        61.00        47.00
    1    10 92.27753        32.00        49.00        61.00        86.00        50.00        69.00        54.00
    1    10 110.06503        39.00        45.00        74.00        78.00        49.00        56.00        63.00
    1    10 82.67467        31.00        52.00        75.00        86.00        49.00        81.00        46.00
    1    10 94.28785        54.00        45.00        72.00        84.00        50.00        68.00        52.00
    1    10 88.30639        46.00        49.00        63.00        80.00        52.00        77.00        69.00
    1    10 10.36967        93.00        48.00        57.00        84.00        54.00       100.00        79.00
    1    10 10.10241        96.00        50.00        62.00        91.00        49.00       100.00        73.00
    1    10 10.39954        86.00        44.00        53.00        91.00        46.00       100.00        62.00
    1    10  9.70030       100.00        46.00        58.00        94.00        47.00       100.00        58.00
    1    10 10.60337        96.00        41.00        68.00        89.00        47.00        98.00        72.00
    1    10 112.64109         1.00        52.00        68.00        67.00        50.00        80.00        39.00
    1    10 106.84575         0.00        48.00        62.00        70.00        52.00        60.00        45.00
    1    10 86.89293         0.00        52.00        64.00        78.00        48.00        89.00        58.00
    1    10 194.15509         0.00        41.00        64.00        78.00        49.00        71.00        47.00
    1    10 111.35710        17.00        51.00        62.00        83.00        52.00        86.00        57.00
    1    10 124.31251         5.00        39.00        72.00        71.00        50.00        37.00        50.00
    1    10 114.91684         0.00        45.00        70.00        70.00        56.00        69.00        50.00
    1     1 76.42404         0.00        50.00        50.00        60.00        60.00       100.00        70.00
    1     1 88.40917         0.00        50.00        60.00        80.00        50.00        90.00        90.00
    1     1 64.99062         0.00        50.00        60.00        90.00        50.00       100.00        90.00
    1     1 73.10367         0.00        40.00        60.00        80.00        50.00       100.00       100.00
    1     1 80.52119         0.00        50.00        40.00        80.00        30.00       100.00        70.00
    1     1 88.14121        20.00        40.00        50.00       100.00        50.00       100.00       100.00
    1     1 95.12308         0.00        50.00        50.00        40.00        40.00       100.00        70.00
    1     1 113.22366         0.00        50.00        70.00       100.00        60.00         0.00        40.00
    1     1 69.21351         0.00        50.00        70.00        80.00        50.00       100.00        70.00
    1     1 66.34601        40.00        50.00        80.00       100.00        40.00       100.00       100.00
    1   100 139.77617        30.60        51.20        67.10        77.20        52.20        80.50        54.80
    1   100 147011750892.98169        35.50        47.00        66.70        75.90        50.20        81.00        48.50
    1   100 166.78195        39.20        50.90        67.00        77.20        51.80        78.70        55.00
    1   100 127.94772        36.00        50.80        67.40        76.90        52.20        78.50        51.60
    1   100 208.15580        42.50        51.10        66.50        81.60        50.30        86.20        55.80
    1   100 10.34811        91.60        45.90        57.10        86.20        47.10       100.00        73.00
    1   100 10.07888        92.00        46.50        56.80        91.90        45.50       100.00        70.30
    1   100 10.18885        93.00        46.80        58.40        89.10        47.50        99.40        72.00
    1   100 10.21489        88.50        46.00        58.60        88.40        47.40       100.00        74.00
    1   100 10.21639        90.50        45.90        59.30        91.60        45.20        99.90        72.30
