order iters  norm count  errmean feature combination
    1   100    no     9   9.8334 cylinders, weight, model year, origin
    1   100    no     1  10.8033 cylinders, model year, origin
    1   100    no     2   9.5753 cylinders, horsepower, weight, acceleration, model year
    1   100    no    21   9.6067 cylinders, displacement, horsepower, weight, model year, origin
    1   100    no     5  10.2242 cylinders, displacement, weight, acceleration, model year, origin
    1   100    no     5  10.3279 cylinders, displacement, weight, acceleration, model year, origin
    1   100   tog     3  77.4410 cylinders, displacement, horsepower, acceleration, model year, origin
    1   100   tog     9  78.5844 horsepower, acceleration, model year
    1   100   tog     1  65.9399 cylinders, model year, origin
    1   100   tog     7  89.4501 cylinders, displacement, horsepower, weight, model year, origin
    1   100   tog     1  58.7386 cylinders, weight, model year
    1   100  dtog     2  57.6521 cylinders, displacement, horsepower, weight, model year
    1   100  dtog     8  72.0225 cylinders, horsepower, weight, model year, origin
    1   100  dtog     4  84.5092 cylinders, horsepower, weight, model year, origin
    1   100  dtog     1  74.7989 horsepower, weight, acceleration, origin
    1   100  dtog    13  83.5022 displacement, horsepower, weight, acceleration, model year, origin
    2   100    no    13   8.7531 weight, model year
    2   100    no    14   8.2389 displacement, weight, model year
    2   100    no     5   8.4184 cylinders, displacement, weight, model year
    2   100    no     6   8.6304 weight, acceleration, model year
    2   100    no     2   7.7958 horsepower, weight, acceleration, model year
    1    10    no     2  10.3271 cylinders, displacement, horsepower, weight, acceleration, model year, origin
    1    10   tog     1 130.4094 cylinders, displacement, horsepower, model year, origin
    1    10   tog     2 125.5225 displacement, horsepower, weight, origin
    1    10   tog     3   9.7952 cylinders, displacement, weight, model year, origin
    1    10   tog     1  75.3167 weight, model year
    1    10    no     4  13.9659 horsepower, weight
    1    10   tog     2 120.1945 horsepower
    1    10  dtog     2 107.8197 displacement, horsepower, acceleration
    1    10   sep     3 321.1460 horsepower, acceleration
    1    10   sep     4 107.6981 horsepower
    1    10   sep     3 142.3985 horsepower
    1    10   sep     2  61.3796 displacement, weight, model year
    1    10   sep     1 919.2486 displacement, horsepower, acceleration, model year
    1    10   tog     2 138.7243 displacement, horsepower, acceleration
    1    10   tog     3 127.4511 horsepower
    1    10   tog     1  71.0399 cylinders, displacement, horsepower, weight, acceleration, model year
    1    10   tog     1  85.6561 horsepower
    1    10    no     1   9.8839 cylinders, displacement, horsepower, acceleration, model year, origin
    1    10    no     1  10.9338 cylinders, displacement, horsepower, acceleration, model year
    1    10    no     1  11.4162 cylinders, displacement, weight, model year, origin
    1    10    no     1  10.4137 cylinders, horsepower, acceleration, model year, origin
    1    10    no     1  10.6013 cylinders, displacement, horsepower, acceleration, model year
    1    10  dtog     1  61.8051 cylinders, horsepower, acceleration, model year, origin
    1    10  dtog     1  71.7690 displacement, horsepower, weight, model year, origin
    1   100    no    15  14.2806 horsepower, weight
    1   100   tog     4  94.7495 horsepower, weight, acceleration
    1   100  dtog     3 145.7220 displacement, horsepower
    1   100   sep    37 160.7640 horsepower
    1   100    no   100  15.8838 displacement
    1   100   tog   100 137.9256 displacement
    1   100  dtog   100 132.8387 displacement
    1   100   sep   100 247.7175 displacement
    1   100   sep   100 212.4250 displacement
    1   100   tog     1 152.0640 cylinders, horsepower, model year
    1   100  dtog     1 117.7039 cylinders, displacement, horsepower, model year, origin
    1   100    no     2   9.3655 cylinders, displacement, horsepower, acceleration, model year
    1   100   tog     1  69.6492 cylinders, horsepower, model year
    1   100   tog     3  81.6839 cylinders, horsepower, acceleration, model year
    1   100    no     2  10.7401 cylinders, horsepower, acceleration, model year, origin
    1     2   tog     1  62.5487 displacement, horsepower, weight, model year
    1     2   tog     1 130.5909 displacement, horsepower, weight, origin
    1     2   tog     1  67.8767 cylinders, displacement, horsepower, weight, model year, origin
    1     2   tog     1  71.7617 displacement, horsepower, weight, acceleration, model year
    1     2   tog     1 121.8563 horsepower
    1   100   tog     2  88.2211 weight, origin
    2    10   tog     1  68.6245 cylinders, horsepower, weight, acceleration, model year, origin
    1    10   tog     2  73.8182 displacement, weight, model year, origin
    2    10   tog     1  54.0192 weight, model year
    1    10   tog     3   9.7709 cylinders, displacement, weight, model year, origin
