iters  errmean    cylinders displacement   horsepower       weight acceleration   model year       origin
  100 11.81379        52.20        45.85        45.45        95.05        45.50        98.55        80.85
  100 11.88327        51.95        46.15        46.50        93.00        47.05        99.00        80.55
  100 11.86014        52.55        46.10        46.65        92.85        46.55        98.15        81.40
  100 11.73737        52.80        46.25        48.05        93.75        47.05        98.45        81.85
  100 11.75763        51.75        46.90        47.35        93.50        46.80        97.80        79.95
  100 11.95526        51.20        45.30        46.15        93.40        46.10        98.30        79.95
  100 11.75797        52.10        46.15        47.50        93.00        46.05        98.70        80.45
  100 11.62090        51.30        46.30        45.75        92.70        45.95        96.50        79.85
  100 11.82945        52.30        46.95        45.45        92.45        46.35        98.70        82.55
  100 11.71404        51.75        45.95        45.70        93.15        46.60        99.20        79.60
 1000 11.83100        51.77        46.73        46.73        92.95        46.94        98.86        80.94
 1000 11.85775        51.85        46.35        47.05        92.22        47.24        98.76        81.45
 1000 11.80148        52.00        45.79        46.77        92.33        47.30        98.76        81.08
 1000 11.80750        51.96        46.39        46.43        91.68        47.03        98.66        80.99
 1000 11.79502        52.32        45.94        46.34        92.27        47.19        99.00        80.77
 1000 11.79812        51.94        46.27        46.98        92.53        46.73        98.71        81.14
 1000 11.83307        52.29        46.27        46.42        92.45        46.71        98.45        81.42
 1000 11.75315        52.33        46.16        46.18        92.22        46.70        98.73        80.48
 1000 11.81113        51.95        46.16        45.91        92.87        46.83        98.74        80.66
 1000 11.80838        52.35        45.97        46.76        92.46        47.02        98.65        81.59
10000 11.81139        52.03        46.13        46.58        92.37        47.10        98.80        81.07
10000 11.80574        51.88        46.25        46.61        92.62        46.82        98.54        80.92
10000 11.81271        52.05        46.30        46.66        92.59        46.97        98.70        81.01
10000 11.81155        51.95        46.23        46.44        92.50        46.97        98.69        80.95
10000 11.80704        51.89        46.28        46.61        92.24        46.96        98.68        81.08
10000 11.80540        52.00        46.17        46.65        92.56        46.90        98.72        81.17
10000 11.80422        52.01        46.23        46.58        92.48        46.97        98.69        81.08
10000 11.80392        52.09        46.28        46.58        92.42        47.00        98.75        81.35
10000 11.80805        52.05        46.28        46.74        92.40        46.98        98.75        81.28
10000 11.80660        52.05        46.23        46.38        92.40        46.92        98.79        80.81
