order iters  norm  errmean cylind displa horsep weight accele model  origin
    1   100    no  10.2126  92.70  47.00  58.60  88.50  45.50 100.00  68.20
    1   100    no  10.0570  93.80  48.40  62.50  89.30  46.30 100.00  69.70
    1   100    no  10.0077  91.30  48.50  60.20  87.30  49.10  99.70  71.40
    1   100    no  10.0617  94.40  46.00  58.70  91.20  47.20  99.00  71.50
    1   100    no  10.1447  92.50  46.50  61.30  90.30  46.50 100.00  71.50
    1   100   tog  88.7765  55.00  53.00  67.90  87.30  52.90  93.60  58.80
    1   100   tog  86.3294  55.90  55.20  64.90  90.10  51.50  92.30  58.60
    1   100   tog  86.9868  49.70  52.80  65.80  88.90  54.30  88.60  52.80
    1   100   tog  87.0337  40.50  52.30  67.20  88.20  49.70  90.50  55.90
    1   100   tog  83.1488  52.30  55.50  67.20  86.80  50.00  94.20  59.00
    1   100  dtog  87.9275  44.50  55.40  65.10  86.70  51.70  88.50  61.40
    1   100  dtog  89.7219  44.70  51.20  63.60  88.80  52.00  90.40  55.70
    1   100  dtog  86.6068  47.50  52.50  65.90  88.00  50.10  89.60  57.10
    1   100  dtog  90.5456  50.50  52.50  64.20  87.00  52.10  91.80  57.70
    1   100  dtog  87.0452  41.30  54.10  65.80  86.30  52.00  88.60  57.10
    2   100    no   9.0257  26.20  41.50  34.30  89.50  46.40 100.00  41.30
    2   100    no   8.9187  25.60  40.70  34.20  91.20  41.20  99.10  42.70
    2   100    no   8.9602  28.20  41.10  35.40  91.00  41.10  99.90  43.00
    2   100    no   8.9659  26.90  44.10  37.80  89.20  43.30  99.50  43.50
    2   100    no   8.9724  28.20  39.10  35.00  89.30  45.40  99.80  44.60
    1    10    no  10.3914  92.00  49.00  62.00  86.00  49.00 100.00  72.00
    1    10   tog  84.2308  62.00  53.00  67.00  87.00  52.00  92.00  40.00
    1    10   tog  89.8486  58.00  55.00  71.00  77.00  48.00  74.00  73.00
    1    10   tog   9.9646  95.00  50.00  50.00  91.00  50.00 100.00  78.00
    1    10   tog  84.3766  70.00  51.00  74.00  90.00  48.00 100.00  51.00
    1    10    no  14.6595   0.00  61.00  55.00  78.00  53.00   0.00   0.00
    1    10   tog 143.4225   0.00  50.00  69.00  67.00  53.00   0.00   0.00
    1    10  dtog 120.6453   0.00  53.00  66.00  60.00  52.00   0.00   0.00
    1    10   sep 236.7416   0.00  37.00  68.00  68.00  54.00   0.00   0.00
    1    10   sep 148.2460   0.00  41.00  64.00  68.00  52.00   0.00   0.00
    1    10   sep 348.0417  33.00  40.00  68.00  65.00  54.00  66.00   0.00
    1    10   sep  81.5543  35.00  46.00  66.00  84.00  41.00  78.00  55.00
    1    10   sep 261.5290  28.00  54.00  64.00  63.00  52.00  86.00  71.00
    1    10   tog 132.7172   0.00  46.00  72.00  60.00  51.00   0.00   0.00
    1    10   tog 119.2399   0.00  55.00  62.00  71.00  52.00   0.00   0.00
    1    10   tog 101.3579  51.00  57.00  70.00  88.00  51.00  92.00  55.00
    1    10   tog  88.2032  52.00  49.00  65.00  90.00  46.00  90.00  54.00
    1    10    no  10.5041  98.00  49.00  51.00  82.00  48.00 100.00  75.00
    1    10    no  10.1829  95.00  51.00  68.00  87.00  49.00 100.00  70.00
    1    10    no  10.2944  89.00  45.00  57.00  94.00  47.00 100.00  78.00
    1    10    no   9.6397  95.00  47.00  68.00  91.00  52.00 100.00  67.00
    1    10    no  10.0434  93.00  53.00  50.00  87.00  51.00 100.00  72.00
    1    10  dtog  86.3658  55.00  58.00  70.00  86.00  50.00  97.00  67.00
    1    10  dtog  94.3997  56.00  50.00  66.00  89.00  53.00  88.00  75.00
    1   100    no  14.7458   0.00  61.70  52.30  78.00  51.00   0.00   0.00
    1   100   tog 121.5052   0.00  51.40  64.80  68.70  51.90   0.00   0.00
    1   100  dtog 122.8062   0.00  50.70  64.00  68.50  52.30   0.00   0.00
    1   100   sep 207.4564   0.00  42.10  64.60  69.00  54.20   0.00   0.00
    1   100    no  15.8838   0.00 100.00   0.00   0.00   0.00   0.00   0.00
    1   100   tog 137.9256   0.00 100.00   0.00   0.00   0.00   0.00   0.00
    1   100  dtog 132.8387   0.00 100.00   0.00   0.00   0.00   0.00   0.00
    1   100   sep 247.7175   0.00 100.00   0.00   0.00   0.00   0.00   0.00
    1   100   sep 212.4250   0.00 100.00   0.00   0.00   0.00   0.00   0.00
    1   100   tog  82.9923  48.00  58.00  83.00  78.00  56.00  91.00  65.00
    1   100  dtog  82.2936  35.00  68.00  93.00  62.00  54.00  90.00  55.00
    1   100    no   9.8774  95.00  55.00  62.00  90.00  41.00 100.00  84.00
    1   100   tog  85.5902  43.00  60.00  81.00  77.00  50.00  87.00  65.00
    1   100   tog  83.6918  48.00  60.00  92.00  74.00  46.00  91.00  69.00
    1   100    no   9.8011  91.00  51.00  70.00  89.00  37.00  99.00  86.00
    1     2   tog  82.2825   0.00  50.00 100.00  50.00  50.00 100.00  50.00
    1     2   tog 106.2747   0.00  50.00 100.00  50.00  50.00  50.00  50.00
    1     2   tog  72.8080  50.00  50.00 100.00  50.00  50.00 100.00  50.00
    1     2   tog  65.1265  50.00 100.00  50.00 100.00  50.00 100.00   0.00
    1     2   tog  13.2734   0.00  50.00 100.00  50.00   0.00  50.00  50.00
    1   100   tog  10.5550  43.00  55.00  83.00  67.00  52.00  77.00  61.00
    2    10   tog  11.0639  80.00  60.00  90.00  90.00  50.00  50.00  20.00
    1    10   tog 647.4525  10.00  80.00  80.00  90.00  10.00  70.00  80.00
    2    10   tog 566.6605  40.00  30.00  50.00  90.00  40.00 100.00  40.00
    1    10   tog   9.8472 100.00  60.00  40.00  70.00  50.00 100.00  70.00
